<?xml version="1.0" encoding="UTF-8"?>
<!-- Generated by org.testng.reporters.JUnitXMLReporter -->
<testsuite hostname="L017489" ignored="3" name="Test Basics 1" tests="2" failures="0" timestamp="16 Mar 2020 20:38:52 GMT" time="35.245" errors="0">
  <testcase name="TC01" time="0.111" classname="test.TC01_color"/>
  <testcase name="TC02" time="35.109" classname="test.TC01_color"/>
  <testcase name="@BeforeSuite init" time="0.0" classname="test.BaseTest">
    <ignored/>
  </testcase> <!-- @BeforeSuite init -->
  <testcase name="@AfterSuite tearoff" time="0.0" classname="test.BaseTest">
    <ignored/>
  </testcase> <!-- @AfterSuite tearoff -->
  <testcase name="TC03" time="0.0" classname="test.TC01_color">
    <ignored/>
  </testcase> <!-- TC03 -->
</testsuite> <!-- Test Basics 1 -->
