<?xml version="1.0" encoding="UTF-8"?>
<!-- Generated by org.testng.reporters.JUnitXMLReporter -->
<testsuite hostname="L017489" ignored="2" name="Test Basics 1" tests="2" failures="1" timestamp="17 Mar 2020 14:56:17 GMT" time="5.298" errors="0">
  <testcase name="TC01" time="0.089" classname="test.TC01_color"/>
  <testcase name="TC02" time="5.179" classname="test.TC01_color">
    <failure type="java.lang.NullPointerException">
      <![CDATA[java.lang.NullPointerException
at page.homePage.getDetails(homePage.java:61)
at page.homePage.getIncidentDate(homePage.java:50)
at test.TC01_color.TC02(TC01_color.java:21)
... Removed 25 stack frames]]>
    </failure>
  </testcase> <!-- TC02 -->
  <testcase name="@BeforeSuite init" time="0.0" classname="test.BaseTest">
    <ignored/>
  </testcase> <!-- @BeforeSuite init -->
  <testcase name="@AfterSuite tearoff" time="0.0" classname="test.BaseTest">
    <ignored/>
  </testcase> <!-- @AfterSuite tearoff -->
</testsuite> <!-- Test Basics 1 -->
